<?xml version="1.0" encoding="UTF-8"?>
<!-- Generated by org.testng.reporters.JUnitReportReporter -->
<testsuite hostname="VeraY" name="com.example.tests.ContactCreationTests" tests="3" failures="0" timestamp="5 Jan 2015 17:09:58 GMT" time="5.522" errors="0">
  <testcase name="testNonEmptyContactCreation" time="3.484" classname="com.example.tests.ContactCreationTests"/>
  <testcase name="testEmptyContactCreation" time="2.038" classname="com.example.tests.ContactCreationTests"/>
  <testcase name="f" time="0.000" classname="com.example.tests.ContactCreationTests"/>
</testsuite> <!-- com.example.tests.ContactCreationTests -->
