<?xml version="1.0" encoding="UTF-8"?>
<!-- Generated by org.testng.reporters.JUnitReportReporter -->
<testsuite hostname="Vira" name="com.example.tests.GroupCreationTests" tests="3" failures="0" timestamp="16 Dec 2014 11:15:25 GMT" time="17.390" errors="0">
  <testcase name="testEmptyGroupCreation" time="10.830" classname="com.example.tests.GroupCreationTests"/>
  <testcase name="testNonEmptyGroupCreation" time="6.560" classname="com.example.tests.GroupCreationTests"/>
  <testcase name="f" time="0.000" classname="com.example.tests.GroupCreationTests"/>
</testsuite> <!-- com.example.tests.GroupCreationTests -->
