<?xml version="1.0" encoding="UTF-8"?>
<!-- Generated by org.testng.reporters.JUnitReportReporter -->
<testsuite hostname="VeraY" name="com.example.tests.GroupRemovalTests" tests="1" failures="0" timestamp="8 Jan 2015 17:26:19 GMT" time="2.814" errors="0">
  <testcase name="deletesomeGroup" time="2.814" classname="com.example.tests.GroupRemovalTests"/>
</testsuite> <!-- com.example.tests.GroupRemovalTests -->
