<?xml version="1.0" encoding="UTF-8"?>
<!-- Generated by org.testng.reporters.JUnitReportReporter -->
<testsuite hostname="VeraY" name="com.example.tests.ContactModificationTests" tests="1" failures="0" timestamp="8 Jan 2015 16:57:48 GMT" time="6.693" errors="0">
  <testcase name="testContactModification" time="6.693" classname="com.example.tests.ContactModificationTests"/>
</testsuite> <!-- com.example.tests.ContactModificationTests -->
