<?xml version="1.0" encoding="UTF-8"?>
<!-- Generated by org.testng.reporters.JUnitReportReporter -->
<testsuite hostname="Vira" name="com.example.tests.ContactModificationTests" tests="1" failures="0" timestamp="3 Jan 2015 22:25:29 GMT" time="5.692" errors="0">
  <testcase name="testContactModification" time="5.692" classname="com.example.tests.ContactModificationTests"/>
</testsuite> <!-- com.example.tests.ContactModificationTests -->
