<?xml version="1.0" encoding="UTF-8"?>
<!-- Generated by org.testng.reporters.JUnitReportReporter -->
<testsuite hostname="Vira" name="com.example.tests.GroupCreationTests" tests="1" failures="0" timestamp="4 Jan 2015 21:10:23 GMT" time="9.424" errors="0">
  <testcase name="testNonEmptyGroupCreation" time="9.424" classname="com.example.tests.GroupCreationTests"/>
</testsuite> <!-- com.example.tests.GroupCreationTests -->
