<?xml version="1.0" encoding="UTF-8"?>
<!-- Generated by org.testng.reporters.JUnitReportReporter -->
<testsuite hostname="Vira" name="com.example.tests.ContactCreationTests" tests="3" failures="0" timestamp="2 Jan 2015 22:44:20 GMT" time="12.044" errors="0">
  <testcase name="f" time="0.001" classname="com.example.tests.ContactCreationTests"/>
  <testcase name="testNonEmptyContactCreation" time="7.841" classname="com.example.tests.ContactCreationTests"/>
  <testcase name="testEmptyContactCreation" time="4.202" classname="com.example.tests.ContactCreationTests"/>
</testsuite> <!-- com.example.tests.ContactCreationTests -->
