<?xml version="1.0" encoding="UTF-8"?>
<!-- Generated by org.testng.reporters.JUnitReportReporter -->
<testsuite hostname="VeraY" name="com.example.tests.GroupCreationTests" tests="1" failures="0" timestamp="8 Jan 2015 17:18:13 GMT" time="3.663" errors="0">
  <testcase name="testNonEmptyGroupCreation" time="3.663" classname="com.example.tests.GroupCreationTests"/>
</testsuite> <!-- com.example.tests.GroupCreationTests -->
