<?xml version="1.0" encoding="UTF-8"?>
<!-- Generated by org.testng.reporters.JUnitReportReporter -->
<testsuite hostname="Vira" name="com.example.tests.GroupCreationTests" tests="1" failures="0" timestamp="13 Jan 2015 08:30:12 GMT" time="7.191" errors="0">
  <testcase name="testEmptyGroupCreation" time="7.191" classname="com.example.tests.GroupCreationTests"/>
</testsuite> <!-- com.example.tests.GroupCreationTests -->
