<?xml version="1.0" encoding="UTF-8"?>
<!-- Generated by org.testng.reporters.JUnitReportReporter -->
<testsuite hostname="Vira" name="com.example.tests.ContactCreationTests" tests="1" failures="0" timestamp="2 Jan 2015 22:20:19 GMT" time="9.116" errors="0">
  <testcase name="testEmptyContactCreation" time="9.116" classname="com.example.tests.ContactCreationTests"/>
</testsuite> <!-- com.example.tests.ContactCreationTests -->
