<?xml version="1.0" encoding="UTF-8"?>
<!-- Generated by org.testng.reporters.JUnitReportReporter -->
<testsuite hostname="Vira" name="com.example.tests.GroupModificationTest" tests="2" failures="0" timestamp="2 Jan 2015 22:06:41 GMT" time="4.761" errors="0">
  <testcase name="deletesomeGroup" time="4.761" classname="com.example.tests.GroupModificationTest"/>
  <testcase name="f" time="0.000" classname="com.example.tests.GroupModificationTest"/>
</testsuite> <!-- com.example.tests.GroupModificationTest -->
