<?xml version="1.0" encoding="UTF-8"?>
<!-- Generated by org.testng.reporters.JUnitReportReporter -->
<testsuite hostname="VeraY" name="com.example.tests.TestBase" tests="1" failures="0" timestamp="8 Jan 2015 16:46:48 GMT" time="0.001" errors="0">
  <testcase name="f" time="0.001" classname="com.example.tests.TestBase"/>
</testsuite> <!-- com.example.tests.TestBase -->
