<?xml version="1.0" encoding="UTF-8"?>
<!-- Generated by org.testng.reporters.JUnitReportReporter -->
<testsuite hostname="Vira" name="com.example.tests.GroupModificationTests" tests="2" failures="0" timestamp="2 Jan 2015 22:46:43 GMT" time="3.214" errors="0">
  <testcase name="modifySomeGroup" time="3.211" classname="com.example.tests.GroupModificationTests"/>
  <testcase name="f" time="0.003" classname="com.example.tests.GroupModificationTests"/>
</testsuite> <!-- com.example.tests.GroupModificationTests -->
