<?xml version="1.0" encoding="UTF-8"?>
<!-- Generated by org.testng.reporters.JUnitReportReporter -->
<testsuite hostname="Vira" name="com.example.tests.GroupRemovalTests" tests="1" failures="0" timestamp="13 Jan 2015 14:05:42 GMT" time="6.256" errors="0">
  <testcase name="deletesomeGroup" time="6.256" classname="com.example.tests.GroupRemovalTests"/>
</testsuite> <!-- com.example.tests.GroupRemovalTests -->
