<?xml version="1.0" encoding="UTF-8"?>
<!-- Generated by org.testng.reporters.JUnitReportReporter -->
<testsuite hostname="VeraY" name="com.example.tests.ContactCreationTests" tests="1" failures="0" timestamp="8 Jan 2015 16:57:15 GMT" time="1.802" errors="0">
  <testcase name="testEmptyContactCreation" time="1.802" classname="com.example.tests.ContactCreationTests"/>
</testsuite> <!-- com.example.tests.ContactCreationTests -->
