<?xml version="1.0" encoding="UTF-8"?>
<!-- Generated by org.testng.reporters.JUnitReportReporter -->
<testsuite hostname="Vira" name="com.example.tests.ContactCreationTests" tests="1" failures="0" timestamp="16 Dec 2014 11:16:29 GMT" time="8.127" errors="0">
  <testcase name="testNonEmptyContactCreation" time="8.127" classname="com.example.tests.ContactCreationTests"/>
</testsuite> <!-- com.example.tests.ContactCreationTests -->
