<?xml version="1.0" encoding="UTF-8"?>
<!-- Generated by org.testng.reporters.JUnitReportReporter -->
<testsuite hostname="VeraY" name="com.example.tests.GroupModificationTests" tests="1" failures="0" timestamp="8 Jan 2015 17:30:30 GMT" time="3.922" errors="0">
  <testcase name="modifySomeGroup" time="3.922" classname="com.example.tests.GroupModificationTests"/>
</testsuite> <!-- com.example.tests.GroupModificationTests -->
