<?xml version="1.0" encoding="UTF-8"?>
<!-- Generated by org.testng.reporters.JUnitReportReporter -->
<testsuite hostname="Vira" name="com.example.tests.TestBase" tests="1" failures="0" timestamp="2 Jan 2015 22:42:57 GMT" time="0.000" errors="0">
  <testcase name="f" time="0.000" classname="com.example.tests.TestBase"/>
</testsuite> <!-- com.example.tests.TestBase -->
