<?xml version="1.0" encoding="UTF-8"?>
<!-- Generated by org.testng.reporters.JUnitReportReporter -->
<testsuite hostname="Vira" name="com.example.tests.ContactCreationTests" tests="2" failures="0" timestamp="13 Jan 2015 14:01:36 GMT" time="20.928" errors="0">
  <testcase name="testContactCreationWithValidData" time="10.665" classname="com.example.tests.ContactCreationTests"/>
  <testcase name="testContactCreationWithValidData" time="10.263" classname="com.example.tests.ContactCreationTests"/>
</testsuite> <!-- com.example.tests.ContactCreationTests -->
