<?xml version="1.0" encoding="UTF-8"?>
<!-- Generated by org.testng.reporters.JUnitReportReporter -->
<testsuite hostname="Vira" name="com.example.tests.GroupCreationTests" tests="3" failures="0" timestamp="2 Jan 2015 22:46:15 GMT" time="8.286" errors="0">
  <testcase name="testNonEmptyGroupCreation" time="3.853" classname="com.example.tests.GroupCreationTests"/>
  <testcase name="f" time="0.000" classname="com.example.tests.GroupCreationTests"/>
  <testcase name="testEmptyGroupCreation" time="4.433" classname="com.example.tests.GroupCreationTests"/>
</testsuite> <!-- com.example.tests.GroupCreationTests -->
