<?xml version="1.0" encoding="UTF-8"?>
<!-- Generated by org.testng.reporters.JUnitReportReporter -->
<testsuite hostname="Vira" name="com.example.tests.ContactRemovalTests" tests="1" failures="0" timestamp="13 Jan 2015 14:38:19 GMT" time="3.161" errors="0">
  <testcase name="testContactRemoval" time="3.161" classname="com.example.tests.ContactRemovalTests"/>
</testsuite> <!-- com.example.tests.ContactRemovalTests -->
