<?xml version="1.0" encoding="UTF-8"?>
<!-- Generated by org.testng.reporters.JUnitReportReporter -->
<testsuite hostname="Vira" name="com.example.tests.GroupModificationTests" tests="4" failures="0" timestamp="13 Jan 2015 14:20:14 GMT" time="26.072" errors="0">
  <testcase name="modifySomeGroup" time="5.976" classname="com.example.tests.GroupModificationTests"/>
  <testcase name="modifySomeGroup" time="6.095" classname="com.example.tests.GroupModificationTests"/>
  <testcase name="modifySomeGroup" time="7.579" classname="com.example.tests.GroupModificationTests"/>
  <testcase name="modifySomeGroup" time="6.422" classname="com.example.tests.GroupModificationTests"/>
</testsuite> <!-- com.example.tests.GroupModificationTests -->
