<?xml version="1.0" encoding="UTF-8"?>
<!-- Generated by org.testng.reporters.JUnitReportReporter -->
<testsuite hostname="Vira" name="com.example.tests.GroupRemovalTests" tests="2" failures="0" timestamp="17 Dec 2014 20:39:36 GMT" time="7.272" errors="0">
  <testcase name="deletesomeGroup" time="7.272" classname="com.example.tests.GroupRemovalTests"/>
  <testcase name="f" time="0.000" classname="com.example.tests.GroupRemovalTests"/>
</testsuite> <!-- com.example.tests.GroupRemovalTests -->
