<?xml version="1.0" encoding="UTF-8"?>
<!-- Generated by org.testng.reporters.JUnitReportReporter -->
<testsuite hostname="Vira" name="com.example.tests.GroupCreationTests" tests="3" failures="0" timestamp="17 Dec 2014 20:39:33 GMT" time="23.124" errors="0">
  <testcase name="testNonEmptyGroupCreation" time="9.290" classname="com.example.tests.GroupCreationTests"/>
  <testcase name="f" time="0.000" classname="com.example.tests.GroupCreationTests"/>
  <testcase name="testEmptyGroupCreation" time="13.834" classname="com.example.tests.GroupCreationTests"/>
</testsuite> <!-- com.example.tests.GroupCreationTests -->
