<?xml version="1.0" encoding="UTF-8"?>
<!-- Generated by org.testng.reporters.JUnitReportReporter -->
<testsuite hostname="Vira" name="com.example.tests.ContactCreationTests" tests="1" failures="0" timestamp="13 Jan 2015 08:47:21 GMT" time="107.374" errors="0">
  <testcase name="testNonEmptyContactCreation" time="107.374" classname="com.example.tests.ContactCreationTests"/>
</testsuite> <!-- com.example.tests.ContactCreationTests -->
