<?xml version="1.0" encoding="UTF-8"?>
<!-- Generated by org.testng.reporters.JUnitReportReporter -->
<testsuite hostname="Vira" name="com.example.tests.GroupRemovalTests" tests="2" failures="0" timestamp="2 Jan 2015 21:45:42 GMT" time="12.064" errors="0">
  <testcase name="deletesomeGroup" time="12.064" classname="com.example.tests.GroupRemovalTests"/>
  <testcase name="f" time="0.000" classname="com.example.tests.GroupRemovalTests"/>
</testsuite> <!-- com.example.tests.GroupRemovalTests -->
