<?xml version="1.0" encoding="UTF-8"?>
<!-- Generated by org.testng.reporters.JUnitReportReporter -->
<testsuite hostname="Vira" name="com.example.tests.ContactModificationTests" tests="2" failures="0" timestamp="13 Jan 2015 14:37:51 GMT" time="14.982" errors="0">
  <testcase name="testContactModification" time="8.269" classname="com.example.tests.ContactModificationTests"/>
  <testcase name="testContactModification" time="6.713" classname="com.example.tests.ContactModificationTests"/>
</testsuite> <!-- com.example.tests.ContactModificationTests -->
